# JRE version: Java(TM) SE Runtime Environment (8.0_20-b26) (build 1.8.0_20-b26)
# Java VM: Java HotSpot(TM) 64-Bit Server VM (25.20-b23 mixed mode linux-amd64 compressed oops)
Heap:
 PSYoungGen      total 169984K, used 129139K [0x00000000ec000000, 0x00000000f7300000, 0x0000000100000000)
  eden space 156672K, 77% used [0x00000000ec000000,0x00000000f36b1cf0,0x00000000f5900000)
  from space 13312K, 57% used [0x00000000f6600000,0x00000000f6d6b020,0x00000000f7300000)
  to   space 13312K, 0% used [0x00000000f5900000,0x00000000f5900000,0x00000000f6600000)
 ParOldGen       total 40960K, used 21688K [0x00000000c4000000, 0x00000000c6800000, 0x00000000ec000000)
  object space 40960K, 52% used [0x00000000c4000000,0x00000000c552e128,0x00000000c6800000)
 Metaspace       used 17575K, capacity 17737K, committed 17920K, reserved 1064960K
  class space    used 1977K, capacity 2029K, committed 2048K, reserved 1048576K
GC Heap History (10 events):
Event: 74,764 GC heap before
{Heap before GC invocations=8 (full 0):
 PSYoungGen      total 40960K, used 35320K [0x00000000ec000000, 0x00000000f0e00000, 0x0000000100000000)
  eden space 30720K, 98% used [0x00000000ec000000,0x00000000edd9c8a8,0x00000000ede00000)
  from space 10240K, 48% used [0x00000000ede00000,0x00000000ee2e1810,0x00000000ee800000)
  to   space 9216K, 0% used [0x00000000f0500000,0x00000000f0500000,0x00000000f0e00000)
 ParOldGen       total 40960K, used 12152K [0x00000000c4000000, 0x00000000c6800000, 0x00000000ec000000)
  object space 40960K, 29% used [0x00000000c4000000,0x00000000c4bde128,0x00000000c6800000)
 Metaspace       used 17359K, capacity 17539K, committed 17664K, reserved 1064960K
  class space    used 1976K, capacity 2028K, committed 2048K, reserved 1048576K
Event: 74,768 GC heap after
Heap after GC invocations=8 (full 0):
 PSYoungGen      total 70144K, used 96K [0x00000000ec000000, 0x00000000f0f00000, 0x0000000100000000)
  eden space 60928K, 0% used [0x00000000ec000000,0x00000000ec000000,0x00000000efb80000)
  from space 9216K, 1% used [0x00000000f0500000,0x00000000f0518000,0x00000000f0e00000)
  to   space 9728K, 0% used [0x00000000efb80000,0x00000000efb80000,0x00000000f0500000)
 ParOldGen       total 40960K, used 13352K [0x00000000c4000000, 0x00000000c6800000, 0x00000000ec000000)
  object space 40960K, 32% used [0x00000000c4000000,0x00000000c4d0a128,0x00000000c6800000)
 Metaspace       used 17359K, capacity 17539K, committed 17664K, reserved 1064960K
  class space    used 1976K, capacity 2028K, committed 2048K, reserved 1048576K
}
Event: 74,921 GC heap before
{Heap before GC invocations=9 (full 0):
 PSYoungGen      total 70144K, used 61024K [0x00000000ec000000, 0x00000000f0f00000, 0x0000000100000000)
  eden space 60928K, 100% used [0x00000000ec000000,0x00000000efb80000,0x00000000efb80000)
  from space 9216K, 1% used [0x00000000f0500000,0x00000000f0518000,0x00000000f0e00000)
  to   space 9728K, 0% used [0x00000000efb80000,0x00000000efb80000,0x00000000f0500000)
 ParOldGen       total 40960K, used 13352K [0x00000000c4000000, 0x00000000c6800000, 0x00000000ec000000)
  object space 40960K, 32% used [0x00000000c4000000,0x00000000c4d0a128,0x00000000c6800000)
 Metaspace       used 17360K, capacity 17539K, committed 17664K, reserved 1064960K
  class space    used 1976K, capacity 2028K, committed 2048K, reserved 1048576K
Event: 74,926 GC heap after
Heap after GC invocations=9 (full 0):
 PSYoungGen      total 70656K, used 7596K [0x00000000ec000000, 0x00000000f3480000, 0x0000000100000000)
  eden space 60928K, 0% used [0x00000000ec000000,0x00000000ec000000,0x00000000efb80000)
  from space 9728K, 78% used [0x00000000efb80000,0x00000000f02eb020,0x00000000f0500000)
  to   space 10752K, 0% used [0x00000000f2a00000,0x00000000f2a00000,0x00000000f3480000)
 ParOldGen       total 40960K, used 13368K [0x00000000c4000000, 0x00000000c6800000, 0x00000000ec000000)
  object space 40960K, 32% used [0x00000000c4000000,0x00000000c4d0e128,0x00000000c6800000)
 Metaspace       used 17360K, capacity 17539K, committed 17664K, reserved 1064960K
  class space    used 1976K, capacity 2028K, committed 2048K, reserved 1048576K
}
Event: 126,996 GC heap before
{Heap before GC invocations=10 (full 0):
 PSYoungGen      total 70656K, used 68524K [0x00000000ec000000, 0x00000000f3480000, 0x0000000100000000)
  eden space 60928K, 100% used [0x00000000ec000000,0x00000000efb80000,0x00000000efb80000)
  from space 9728K, 78% used [0x00000000efb80000,0x00000000f02eb020,0x00000000f0500000)
  to   space 10752K, 0% used [0x00000000f2a00000,0x00000000f2a00000,0x00000000f3480000)
 ParOldGen       total 40960K, used 13368K [0x00000000c4000000, 0x00000000c6800000, 0x00000000ec000000)
  object space 40960K, 32% used [0x00000000c4000000,0x00000000c4d0e128,0x00000000c6800000)
 Metaspace       used 17362K, capacity 17539K, committed 17664K, reserved 1064960K
  class space    used 1976K, capacity 2028K, committed 2048K, reserved 1048576K
Event: 127,007 GC heap after
Heap after GC invocations=10 (full 0):
 PSYoungGen      total 107520K, used 3776K [0x00000000ec000000, 0x00000000f3380000, 0x0000000100000000)
  eden space 97792K, 0% used [0x00000000ec000000,0x00000000ec000000,0x00000000f1f80000)
  from space 9728K, 38% used [0x00000000f2a00000,0x00000000f2db0000,0x00000000f3380000)
  to   space 10240K, 0% used [0x00000000f1f80000,0x00000000f1f80000,0x00000000f2980000)
 ParOldGen       total 40960K, used 13368K [0x00000000c4000000, 0x00000000c6800000, 0x00000000ec000000)
  object space 40960K, 32% used [0x00000000c4000000,0x00000000c4d0e128,0x00000000c6800000)
 Metaspace       used 17362K, capacity 17539K, committed 17664K, reserved 1064960K
  class space    used 1976K, capacity 2028K, committed 2048K, reserved 1048576K
}
Event: 270,537 GC heap before
{Heap before GC invocations=11 (full 0):
 PSYoungGen      total 107520K, used 101568K [0x00000000ec000000, 0x00000000f3380000, 0x0000000100000000)
  eden space 97792K, 100% used [0x00000000ec000000,0x00000000f1f80000,0x00000000f1f80000)
  from space 9728K, 38% used [0x00000000f2a00000,0x00000000f2db0000,0x00000000f3380000)
  to   space 10240K, 0% used [0x00000000f1f80000,0x00000000f1f80000,0x00000000f2980000)
 ParOldGen       total 40960K, used 13368K [0x00000000c4000000, 0x00000000c6800000, 0x00000000ec000000)
  object space 40960K, 32% used [0x00000000c4000000,0x00000000c4d0e128,0x00000000c6800000)
 Metaspace       used 17565K, capacity 17731K, committed 17920K, reserved 1064960K
  class space    used 1976K, capacity 2028K, committed 2048K, reserved 1048576K
Event: 270,570 GC heap after
Heap after GC invocations=11 (full 0):
 PSYoungGen      total 108032K, used 10214K [0x00000000ec000000, 0x00000000f7300000, 0x0000000100000000)
  eden space 97792K, 0% used [0x00000000ec000000,0x00000000ec000000,0x00000000f1f80000)
  from space 10240K, 99% used [0x00000000f1f80000,0x00000000f2979810,0x00000000f2980000)
  to   space 13312K, 0% used [0x00000000f6600000,0x00000000f6600000,0x00000000f7300000)
 ParOldGen       total 40960K, used 17288K [0x00000000c4000000, 0x00000000c6800000, 0x00000000ec000000)
  object space 40960K, 42% used [0x00000000c4000000,0x00000000c50e2128,0x00000000c6800000)
 Metaspace       used 17565K, capacity 17731K, committed 17920K, reserved 1064960K
  class space    used 1976K, capacity 2028K, committed 2048K, reserved 1048576K
}
Event: 270,909 GC heap before
{Heap before GC invocations=12 (full 0):
 PSYoungGen      total 108032K, used 108006K [0x00000000ec000000, 0x00000000f7300000, 0x0000000100000000)
  eden space 97792K, 100% used [0x00000000ec000000,0x00000000f1f80000,0x00000000f1f80000)
  from space 10240K, 99% used [0x00000000f1f80000,0x00000000f2979810,0x00000000f2980000)
  to   space 13312K, 0% used [0x00000000f6600000,0x00000000f6600000,0x00000000f7300000)
 ParOldGen       total 40960K, used 17288K [0x00000000c4000000, 0x00000000c6800000, 0x00000000ec000000)
  object space 40960K, 42% used [0x00000000c4000000,0x00000000c50e2128,0x00000000c6800000)
 Metaspace       used 17567K, capacity 17731K, committed 17920K, reserved 1064960K
  class space    used 1976K, capacity 2028K, committed 2048K, reserved 1048576K
Event: 270,921 GC heap after
Heap after GC invocations=12 (full 0):
 PSYoungGen      total 169984K, used 7596K [0x00000000ec000000, 0x00000000f7300000, 0x0000000100000000)
  eden space 156672K, 0% used [0x00000000ec000000,0x00000000ec000000,0x00000000f5900000)
  from space 13312K, 57% used [0x00000000f6600000,0x00000000f6d6b020,0x00000000f7300000)
  to   space 13312K, 0% used [0x00000000f5900000,0x00000000f5900000,0x00000000f6600000)
 ParOldGen       total 40960K, used 21688K [0x00000000c4000000, 0x00000000c6800000, 0x00000000ec000000)
  object space 40960K, 52% used [0x00000000c4000000,0x00000000c552e128,0x00000000c6800000)
 Metaspace       used 17567K, capacity 17731K, committed 17920K, reserved 1064960K
  class space    used 1976K, capacity 2028K, committed 2048K, reserved 1048576K
}

